2023-03-16 22:27:50:2750) - [32minfo[39m: [32maplicação esta funcionando na porta: 3000[39m
2023-03-16 22:32:49:3249) - [32minfo[39m: [32mconectou ao banco de dados![39m
2023-03-16 22:32:49:3249) - [32minfo[39m: [32maplicação esta funcionando na porta: 3000[39m
2023-03-16 22:37:21:3721) - [32minfo[39m: [32mconectou ao banco de dados![39m
2023-03-16 22:37:21:3721) - [32minfo[39m: [32maplicação esta funcionando na porta: 3000[39m
2023-03-16 23:38:31:3831) - [32minfo[39m: [32mconectou ao banco de dados![39m
2023-03-16 23:38:31:3831) - [32minfo[39m: [32maplicação esta funcionando na porta: 3000[39m
2023-03-16 23:40:58:4058) - [32minfo[39m: [32mconectou ao banco de dados![39m
2023-03-16 23:40:58:4058) - [32minfo[39m: [32maplicação esta funcionando na porta: 3000[39m
2023-03-16 23:42:42:4242) - [32minfo[39m: [32mconectou ao banco de dados![39m
2023-03-16 23:42:42:4242) - [32minfo[39m: [32maplicação esta funcionando na porta: 3000[39m
2023-03-16 23:46:59:4659) - [32minfo[39m: [32mconectou ao banco de dados![39m
2023-03-16 23:46:59:4659) - [32minfo[39m: [32maplicação esta funcionando na porta: 3000[39m
2023-03-17 00:06:18:618) - [32minfo[39m: [32mconectou ao banco de dados![39m
2023-03-17 00:06:18:618) - [32minfo[39m: [32maplicação esta funcionando na porta: 3000[39m
2023-03-17 00:10:04:104) - [32minfo[39m: [32mconectou ao banco de dados![39m
2023-03-17 00:10:04:104) - [32minfo[39m: [32maplicação esta funcionando na porta: 3000[39m
2023-03-17 00:23:43:2343) - [32minfo[39m: [32mconectou ao banco de dados![39m
2023-03-17 00:23:43:2343) - [32minfo[39m: [32maplicação esta funcionando na porta: 3000[39m
2023-03-17 00:23:59:2359) - [32minfo[39m: [32mconectou ao banco de dados![39m
2023-03-17 00:23:59:2359) - [32minfo[39m: [32maplicação esta funcionando na porta: 3000[39m
2023-03-17 00:24:05:245) - [35mhttp[39m: [35mGET /api/test 200 12 - 3.243 ms[39m
[35m[39m
2023-03-17 00:24:07:247) - [35mhttp[39m: [35mGET /api/test 200 12 - 0.835 ms[39m
[35m[39m
2023-03-17 00:24:08:248) - [35mhttp[39m: [35mGET /api/test 200 12 - 0.775 ms[39m
[35m[39m
2023-03-17 00:24:09:249) - [35mhttp[39m: [35mGET /api/test 200 12 - 0.733 ms[39m
[35m[39m
2023-03-17 01:00:05:05) - [35mhttp[39m: [35mPOST /api/movie 404 149 - 4.367 ms[39m
[35m[39m
2023-03-17 01:00:31:031) - [32minfo[39m: [32mconectou ao banco de dados![39m
2023-03-17 01:00:31:031) - [32minfo[39m: [32maplicação esta funcionando na porta: 3000[39m
2023-03-17 01:00:38:038) - [35mhttp[39m: [35mPOST /api/movie 200 22 - 3.660 ms[39m
[35m[39m
